#
# A fatal error has been detected by the Java Runtime Environment:
#
#  SIGSEGV (0xb) at pc=0x00007e9765b58777, pid=20884, tid=20898
#
# JRE version: OpenJDK Runtime Environment JBR-21.0.4+13-509.26-jcef (21.0.4+13) (build 21.0.4+13-b509.26)
# Java VM: OpenJDK 64-Bit Server VM JBR-21.0.4+13-509.26-jcef (21.0.4+13-b509.26, mixed mode, tiered, compressed oops, compressed class ptrs, g1 gc, linux-amd64)
# Problematic frame:
# V  [libjvm.so+0x758777]  decode_env::handle_event(char const*, unsigned char*)+0x87
#
# Core dump will be written. Default location: Core dumps may be processed with "/usr/lib/systemd/systemd-coredump %P %u %g %s %t 9223372036854775808 %h" (or dumping to /home/viktor/RiderProjects/ProjektuppgiftGIK299_Grupp5/core.20884)
#
# If you would like to submit a bug report, please visit:
#   https://youtrack.jetbrains.com/issues/JBR
#

---------------  S U M M A R Y ------------

Command Line: -Dawt.toolkit.name=XToolkit git4idea.http.GitAskPassApp Username for 'https://github.com': 

Host: Intel(R) Core(TM) i7-8700K CPU @ 3.70GHz, 12 cores, 15G, Linux Mint 22 Wilma
Time: Mon Jan 13 11:16:17 2025 CET elapsed time: 0.334477 seconds (0d 0h 0m 0s)

---------------  T H R E A D  ---------------

Current thread (0x00007e976022e6b0):  JavaThread "C2 CompilerThread0" daemon [_thread_in_native, id=20898, stack(0x00007e9744600000,0x00007e9744700000) (1024K)]


Current CompileTask:
C2:    334  828   !   4       java.util.concurrent.ConcurrentHashMap::putVal (432 bytes)

Stack: [0x00007e9744600000,0x00007e9744700000],  sp=0x00007e97446fb530,  free space=1005k
Native frames: (J=compiled Java code, j=interpreted, Vv=VM code, C=native code)
V  [libjvm.so+0x758777]  decode_env::handle_event(char const*, unsigned char*)+0x87
V  [libjvm.so+0x780c9e]  ConnectionGraph::compute_escape()+0x9ae
V  [libjvm.so+0x78155b]  ConnectionGraph::do_analysis(Compile*, PhaseIterGVN*)+0xfb
V  [libjvm.so+0x671a8c]  Compile::Optimize()+0x68c
V  [libjvm.so+0x673b22]  Compile::Compile(ciEnv*, ciMethod*, int, Options, DirectiveSet*)+0xf32
V  [libjvm.so+0x59967f]  C2Compiler::compile_method(ciEnv*, ciMethod*, int, bool, DirectiveSet*)+0x16f
V  [libjvm.so+0x679e54]  CompileBroker::invoke_compiler_on_method(CompileTask*)+0xac4
V  [libjvm.so+0x67cf94]  CompileBroker::compiler_thread_loop()+0x664
V  [libjvm.so+0x9289df]  JavaThread::thread_main_inner() [clone .part.0]+0xaf
V  [libjvm.so+0xf76a78]  Thread::call_run()+0xa8
V  [libjvm.so+0xd03a4a]  thread_native_entry(Thread*)+0xda
C  [libc.so.6+0x9ca94]

siginfo: si_signo: 11 (SIGSEGV), si_code: 1 (SEGV_MAPERR), si_addr: 0x0000000000000001

Registers:
RAX=0x00007e96f4190b80, RBX=0x00007e96f4194d60, RCX=0x0000000000000005, RDX=0x00007e96f4195ac0
RSP=0x00007e97446fb530, RBP=0x00007e97446fb5a0, RSI=0x0000000000000001, RDI=0x00007e9766557628
R8 =0x00007e96f4195ac0, R9 =0x00007e96f41b11d0, R10=0x00007e96f40fe730, R11=0x0000000000000016
R12=0x0000000000000001, R13=0x00007e96f4190b80, R14=0x0000000000000003, R15=0x0000000000000003
RIP=0x00007e9765b58777, EFLAGS=0x0000000000010282, CSGSFS=0x002b000000000033, ERR=0x0000000000000004
  TRAPNO=0x000000000000000e


Register to memory mapping:

RAX=0x00007e96f4190b80 points into unknown readable memory: 0x0000081a0000081a | 1a 08 00 00 1a 08 00 00
RBX=0x00007e96f4194d60 points into unknown readable memory: 0x0000000400000004 | 04 00 00 00 04 00 00 00
RCX=0x0000000000000005 is an unknown value
RDX=0x00007e96f4195ac0 points into unknown readable memory: 0x0000000200000001 | 01 00 00 00 02 00 00 00
RSP=0x00007e97446fb530 is pointing into the stack for thread: 0x00007e976022e6b0
RBP=0x00007e97446fb5a0 is pointing into the stack for thread: 0x00007e976022e6b0
RSI=0x0000000000000001 is an unknown value
RDI=0x00007e9766557628: <offset 0x0000000001157628> in /opt/JetBrains Rider-2024.2.7/jbr/lib/server/libjvm.so at 0x00007e9765400000
R8 =0x00007e96f4195ac0 points into unknown readable memory: 0x0000000200000001 | 01 00 00 00 02 00 00 00
R9 =0x00007e96f41b11d0 points into unknown readable memory: 0x0000000000000000 | 00 00 00 00 00 00 00 00
R10=0x00007e96f40fe730 points into unknown readable memory: 0x00007e9766811980 | 80 19 81 66 97 7e 00 00
R11=0x0000000000000016 is an unknown value
R12=0x0000000000000001 is an unknown value
R13=0x00007e96f4190b80 points into unknown readable memory: 0x0000081a0000081a | 1a 08 00 00 1a 08 00 00
R14=0x0000000000000003 is an unknown value
R15=0x0000000000000003 is an unknown value

Top of Stack: (sp=0x00007e97446fb530)
0x00007e97446fb530:   00007e97446fb5a0 00007e9765b7763a
0x00007e97446fb540:   00007e96f4195ac0 00007e97446fb6c0
0x00007e97446fb550:   0000002000000011 00007e96f010c4d0
0x00007e97446fb560:   0000000000000000 00007e9765b7bb62
0x00007e97446fb570:   00007e97446fb720 0000000000000000
0x00007e97446fb580:   00007e97446fb680 00007e97446fb6c0
0x00007e97446fb590:   00007e97603f8cb0 00007e96f4190b80
0x00007e97446fb5a0:   00007e97446fb840 00007e9765b80c9e
0x00007e97446fb5b0:   00007e976022ce40 00007e97446fb6e0
0x00007e97446fb5c0:   00007e97446fb7b0 00007e97446fdb70
0x00007e97446fb5d0:   00007e96f4190bf0 00007e97446fb760
0x00007e97446fb5e0:   00007e97603f8cb0 00007e96f4190c10
0x00007e97446fb5f0:   000004b6f4168438 00007e9600000814
0x00007e97446fb600:   0000000200000000 00007e96f4168468
0x00007e97446fb610:   0000000000000000 00007e976022ce40
0x00007e97446fb620:   0000002000000014 00007e96f010b3c0
0x00007e97446fb630:   0000000000000000 00007e97446fbb60
0x00007e97446fb640:   0000000200000000 00007e96f4168488
0x00007e97446fb650:   0000000000000000 00007e96f02562b0
0x00007e97446fb660:   0000000200000000 00007e96f4168498
0x00007e97446fb670:   0000000000000000 0000000000000002
0x00007e97446fb680:   0000010000000089 00007e96f010b9a0
0x00007e97446fb690:   0000000000000000 0000000000020000
0x00007e97446fb6a0:   000000100000000a 00007e96f010a4f0
0x00007e97446fb6b0:   0000000000000000 82de4070304f8f00
0x00007e97446fb6c0:   0000000200000002 00007e96f41684c8
0x00007e97446fb6d0:   0000000000000000 00007e96f41f4a30
0x00007e97446fb6e0:   000000200000001e 00007e96f010b2c0
0x00007e97446fb6f0:   0000000000000000 00007e96f4022bf0
0x00007e97446fb700:   0000004000000035 00007e96f010a910
0x00007e97446fb710:   0000000000000000 00007e976638e86d
0x00007e97446fb720:   0000002000000017 00007e96f010c1a0 

Instructions: (pc=0x00007e9765b58777)
0x00007e9765b58677:   00 48 8b 45 c8 64 48 2b 04 25 28 00 00 00 75 56
0x00007e9765b58687:   48 81 c4 28 02 00 00 5b 41 5c 41 5d 41 5e 41 5f
0x00007e9765b58697:   5d c3 be 04 00 00 00 bf 90 f0 01 00 e8 c8 89 cd
0x00007e9765b586a7:   ff 48 89 c1 48 85 c0 74 21 49 89 c4 ba 88 f0 01
0x00007e9765b586b7:   00 31 f6 48 89 c7 e8 8e fc b3 ff 4c 89 e1 41 c7
0x00007e9765b586c7:   84 24 88 f0 01 00 00 00 00 00 48 89 0d a8 3b db
0x00007e9765b586d7:   00 e9 46 fc ff ff e8 0e fc b3 ff 66 66 2e 0f 1f
0x00007e9765b586e7:   84 00 00 00 00 00 0f 1f 00 55 48 89 e5 41 57 41
0x00007e9765b586f7:   56 49 89 fe 48 89 f7 41 55 41 54 49 89 f4 53 48
0x00007e9765b58707:   89 d3 48 83 ec 08 e8 2e fd b3 ff 49 89 c5 48 83
0x00007e9765b58717:   f8 05 0f 86 89 02 00 00 b9 06 00 00 00 48 8d 3d
0x00007e9765b58727:   fc ee 9f 00 4c 89 e6 f3 a6 0f 97 c0 1c 00 84 c0
0x00007e9765b58737:   75 2f 41 0f b6 44 24 06 3c 3d 77 25 48 ba 01 00
0x00007e9765b58747:   00 00 01 80 00 20 48 0f a3 c2 73 15 31 c0 48 83
0x00007e9765b58757:   c4 08 5b 41 5c 41 5d 41 5e 41 5f 5d c3 0f 1f 40
0x00007e9765b58767:   00 b9 05 00 00 00 48 8d 3d b4 ee 9f 00 4c 89 e6
0x00007e9765b58777:   f3 a6 0f 97 c0 1c 00 84 c0 0f 85 5a 01 00 00 45
0x00007e9765b58787:   0f b6 7c 24 05 41 80 ff 3d 0f 86 82 02 00 00 b9
0x00007e9765b58797:   04 00 00 00 48 8d 3d 8d ee 9f 00 4c 89 e6 f3 a6
0x00007e9765b587a7:   0f 97 c0 1c 00 84 c0 0f 85 0c 02 00 00 45 0f b6
0x00007e9765b587b7:   7c 24 04 41 80 ff 3d 0f 87 ca 00 00 00 48 b8 01
0x00007e9765b587c7:   00 00 00 01 80 00 20 4c 0f a3 f8 0f 83 d7 03 00
0x00007e9765b587d7:   00 4d 8b 2e 49 89 9e 30 02 00 00 49 89 df 41 8b
0x00007e9765b587e7:   45 0c 85 c0 7e 12 4c 89 ef e8 ab 99 5b 00 4d 8b
0x00007e9765b587f7:   be 30 02 00 00 4d 8b 2e 48 8d 05 fa f7 d6 00 80
0x00007e9765b58807:   38 00 74 41 49 8b 7e 10 48 85 ff 0f 84 08 04 00
0x00007e9765b58817:   00 48 8b 07 48 8d 15 ee 09 00 00 48 8b 80 a0 00
0x00007e9765b58827:   00 00 48 39 d0 0f 85 1e 04 00 00 4c 89 fa 4c 89
0x00007e9765b58837:   ee b9 01 00 00 00 e8 1e b7 56 00 4d 8b be 30 02
0x00007e9765b58847:   00 00 4d 8b 2e 49 8b 56 20 49 8b 76 18 4c 89 e9
0x00007e9765b58857:   45 31 c9 45 31 c0 4c 89 ff e8 9b 99 b8 ff 4c 89
0x00007e9765b58867:   e9 45 31 c9 ba 04 00 00 00 41 b8 01 00 00 00 be 


Stack slot to memory mapping:

stack at sp + 0 slots: 0x00007e97446fb5a0 is pointing into the stack for thread: 0x00007e976022e6b0
stack at sp + 1 slots: 0x00007e9765b7763a: <offset 0x000000000077763a> in /opt/JetBrains Rider-2024.2.7/jbr/lib/server/libjvm.so at 0x00007e9765400000
stack at sp + 2 slots: 0x00007e96f4195ac0 points into unknown readable memory: 0x0000000200000001 | 01 00 00 00 02 00 00 00
stack at sp + 3 slots: 0x00007e97446fb6c0 is pointing into the stack for thread: 0x00007e976022e6b0
stack at sp + 4 slots: 0x0000002000000011 is an unknown value
stack at sp + 5 slots: 0x00007e96f010c4d0 points into unknown readable memory: 0x00007e96f4194d60 | 60 4d 19 f4 96 7e 00 00
stack at sp + 6 slots: 0x0 is null
stack at sp + 7 slots: 0x00007e9765b7bb62: <offset 0x000000000077bb62> in /opt/JetBrains Rider-2024.2.7/jbr/lib/server/libjvm.so at 0x00007e9765400000


---------------  P R O C E S S  ---------------

Threads class SMR info:
_java_thread_list=0x00007e96dc012c60, length=13, elements={
0x00007e976002b420, 0x00007e97602178d0, 0x00007e9760228ae0, 0x00007e976022a3d0,
0x00007e976022b900, 0x00007e976022cea0, 0x00007e976022e6b0, 0x00007e976022fd20,
0x00007e97602d5810, 0x00007e97602d92a0, 0x00007e976048b480, 0x00007e96dc00ecd0,
0x00007e96dc011ae0
}

Java Threads: ( => current thread )
  0x00007e976002b420 JavaThread "main"                              [_thread_blocked, id=20885, stack(0x00007e9765217000,0x00007e9765317000) (1024K)]
  0x00007e97602178d0 JavaThread "Reference Handler"          daemon [_thread_blocked, id=20893, stack(0x00007e9744b00000,0x00007e9744c00000) (1024K)]
  0x00007e9760228ae0 JavaThread "Finalizer"                  daemon [_thread_blocked, id=20894, stack(0x00007e9744a00000,0x00007e9744b00000) (1024K)]
  0x00007e976022a3d0 JavaThread "Signal Dispatcher"          daemon [_thread_blocked, id=20895, stack(0x00007e9744900000,0x00007e9744a00000) (1024K)]
  0x00007e976022b900 JavaThread "Service Thread"             daemon [_thread_blocked, id=20896, stack(0x00007e9744800000,0x00007e9744900000) (1024K)]
  0x00007e976022cea0 JavaThread "Monitor Deflation Thread"   daemon [_thread_blocked, id=20897, stack(0x00007e9744700000,0x00007e9744800000) (1024K)]
=>0x00007e976022e6b0 JavaThread "C2 CompilerThread0"         daemon [_thread_in_native, id=20898, stack(0x00007e9744600000,0x00007e9744700000) (1024K)]
  0x00007e976022fd20 JavaThread "C1 CompilerThread0"         daemon [_thread_blocked, id=20899, stack(0x00007e9744500000,0x00007e9744600000) (1024K)]
  0x00007e97602d5810 JavaThread "Notification Thread"        daemon [_thread_blocked, id=20900, stack(0x00007e9744400000,0x00007e9744500000) (1024K)]
  0x00007e97602d92a0 JavaThread "Common-Cleaner"             daemon [_thread_blocked, id=20901, stack(0x00007e9744300000,0x00007e9744400000) (1024K)]
  0x00007e976048b480 JavaThread "HttpClient-1-SelectorManager" daemon [_thread_in_native, id=20907, stack(0x00007e9744200000,0x00007e9744300000) (1024K)]
  0x00007e96dc00ecd0 JavaThread "HttpClient-1-Worker-0"      daemon [_thread_in_Java, id=20909, stack(0x00007e9744100000,0x00007e9744200000) (1024K)]
  0x00007e96dc011ae0 JavaThread "HttpClient-1-Worker-1"      daemon [_thread_blocked, id=20910, stack(0x00007e9744000000,0x00007e9744100000) (1024K)]
Total: 13

Other Threads:
  0x00007e976019e9d0 VMThread "VM Thread"                           [id=20892, stack(0x00007e97454dd000,0x00007e97455dd000) (1024K)]
  0x00007e9760153750 WatcherThread "VM Periodic Task Thread"        [id=20891, stack(0x00007e97455de000,0x00007e97456de000) (1024K)]
  0x00007e9760093e40 WorkerThread "GC Thread#0"                     [id=20886, stack(0x00007e9764537000,0x00007e9764637000) (1024K)]
  0x00007e97600a4ce0 ConcurrentGCThread "G1 Main Marker"            [id=20887, stack(0x00007e9764436000,0x00007e9764536000) (1024K)]
  0x00007e97600a5c80 WorkerThread "G1 Conc#0"                       [id=20888, stack(0x00007e9764335000,0x00007e9764435000) (1024K)]
  0x00007e9760142780 ConcurrentGCThread "G1 Refine#0"               [id=20889, stack(0x00007e97458fa000,0x00007e97459fa000) (1024K)]
  0x00007e9760143730 ConcurrentGCThread "G1 Service"                [id=20890, stack(0x00007e97457f9000,0x00007e97458f9000) (1024K)]
Total: 7

Threads with active compile tasks:
C2 CompilerThread0      338  828   !   4       java.util.concurrent.ConcurrentHashMap::putVal (432 bytes)
C1 CompilerThread0      338  856       3       java.lang.StringLatin1::regionMatchesCI (45 bytes)
Total: 2

VM state: not at safepoint (normal execution)

VM Mutex/Monitor currently owned by a thread: None

Heap address: 0x0000000707800000, size: 3976 MB, Compressed Oops mode: Zero based, Oop shift amount: 3

CDS archive(s) not mapped
Compressed class space mapped at: 0x0000000800000000-0x0000000840000000, reserved size: 1073741824
Narrow klass base: 0x0000000800000000, Narrow klass shift: 0, Narrow klass range: 0x40000000

GC Precious Log:
 CardTable entry size: 512
 Card Set container configuration: InlinePtr #cards 4 size 8 Array Of Cards #cards 16 size 48 Howl #buckets 8 coarsen threshold 3686 Howl Bitmap #cards 512 size 80 coarsen threshold 460 Card regions per heap region 1 cards per card region 4096
 CPUs: 12 total, 12 available
 Memory: 15898M
 Large Page Support: Disabled
 NUMA Support: Disabled
 Compressed Oops: Enabled (Zero based)
 Heap Region Size: 2M
 Heap Min Capacity: 8M
 Heap Initial Capacity: 250M
 Heap Max Capacity: 3976M
 Pre-touch: Disabled
 Parallel Workers: 10
 Concurrent Workers: 3
 Concurrent Refinement Workers: 10
 Periodic GC: Disabled

Heap:
 garbage-first heap   total 256000K, used 12288K [0x0000000707800000, 0x0000000800000000)
  region size 2048K, 7 young (14336K), 0 survivors (0K)
 Metaspace       used 16083K, committed 16256K, reserved 1114112K
  class space    used 1573K, committed 1664K, reserved 1048576K

Heap Regions: E=young(eden), S=young(survivor), O=old, HS=humongous(starts), HC=humongous(continues), CS=collection set, F=free, TAMS=top-at-mark-start, PB=parsable bottom
|   0|0x0000000707800000, 0x0000000707800000, 0x0000000707a00000|  0%| F|  |TAMS 0x0000000707800000| PB 0x0000000707800000| Untracked 
|   1|0x0000000707a00000, 0x0000000707a00000, 0x0000000707c00000|  0%| F|  |TAMS 0x0000000707a00000| PB 0x0000000707a00000| Untracked 
|   2|0x0000000707c00000, 0x0000000707c00000, 0x0000000707e00000|  0%| F|  |TAMS 0x0000000707c00000| PB 0x0000000707c00000| Untracked 
|   3|0x0000000707e00000, 0x0000000707e00000, 0x0000000708000000|  0%| F|  |TAMS 0x0000000707e00000| PB 0x0000000707e00000| Untracked 
|   4|0x0000000708000000, 0x0000000708000000, 0x0000000708200000|  0%| F|  |TAMS 0x0000000708000000| PB 0x0000000708000000| Untracked 
|   5|0x0000000708200000, 0x0000000708200000, 0x0000000708400000|  0%| F|  |TAMS 0x0000000708200000| PB 0x0000000708200000| Untracked 
|   6|0x0000000708400000, 0x0000000708400000, 0x0000000708600000|  0%| F|  |TAMS 0x0000000708400000| PB 0x0000000708400000| Untracked 
|   7|0x0000000708600000, 0x0000000708600000, 0x0000000708800000|  0%| F|  |TAMS 0x0000000708600000| PB 0x0000000708600000| Untracked 
|   8|0x0000000708800000, 0x0000000708800000, 0x0000000708a00000|  0%| F|  |TAMS 0x0000000708800000| PB 0x0000000708800000| Untracked 
|   9|0x0000000708a00000, 0x0000000708a00000, 0x0000000708c00000|  0%| F|  |TAMS 0x0000000708a00000| PB 0x0000000708a00000| Untracked 
|  10|0x0000000708c00000, 0x0000000708c00000, 0x0000000708e00000|  0%| F|  |TAMS 0x0000000708c00000| PB 0x0000000708c00000| Untracked 
|  11|0x0000000708e00000, 0x0000000708e00000, 0x0000000709000000|  0%| F|  |TAMS 0x0000000708e00000| PB 0x0000000708e00000| Untracked 
|  12|0x0000000709000000, 0x0000000709000000, 0x0000000709200000|  0%| F|  |TAMS 0x0000000709000000| PB 0x0000000709000000| Untracked 
|  13|0x0000000709200000, 0x0000000709200000, 0x0000000709400000|  0%| F|  |TAMS 0x0000000709200000| PB 0x0000000709200000| Untracked 
|  14|0x0000000709400000, 0x0000000709400000, 0x0000000709600000|  0%| F|  |TAMS 0x0000000709400000| PB 0x0000000709400000| Untracked 
|  15|0x0000000709600000, 0x0000000709600000, 0x0000000709800000|  0%| F|  |TAMS 0x0000000709600000| PB 0x0000000709600000| Untracked 
|  16|0x0000000709800000, 0x0000000709800000, 0x0000000709a00000|  0%| F|  |TAMS 0x0000000709800000| PB 0x0000000709800000| Untracked 
|  17|0x0000000709a00000, 0x0000000709a00000, 0x0000000709c00000|  0%| F|  |TAMS 0x0000000709a00000| PB 0x0000000709a00000| Untracked 
|  18|0x0000000709c00000, 0x0000000709c00000, 0x0000000709e00000|  0%| F|  |TAMS 0x0000000709c00000| PB 0x0000000709c00000| Untracked 
|  19|0x0000000709e00000, 0x0000000709e00000, 0x000000070a000000|  0%| F|  |TAMS 0x0000000709e00000| PB 0x0000000709e00000| Untracked 
|  20|0x000000070a000000, 0x000000070a000000, 0x000000070a200000|  0%| F|  |TAMS 0x000000070a000000| PB 0x000000070a000000| Untracked 
|  21|0x000000070a200000, 0x000000070a200000, 0x000000070a400000|  0%| F|  |TAMS 0x000000070a200000| PB 0x000000070a200000| Untracked 
|  22|0x000000070a400000, 0x000000070a400000, 0x000000070a600000|  0%| F|  |TAMS 0x000000070a400000| PB 0x000000070a400000| Untracked 
|  23|0x000000070a600000, 0x000000070a600000, 0x000000070a800000|  0%| F|  |TAMS 0x000000070a600000| PB 0x000000070a600000| Untracked 
|  24|0x000000070a800000, 0x000000070a800000, 0x000000070aa00000|  0%| F|  |TAMS 0x000000070a800000| PB 0x000000070a800000| Untracked 
|  25|0x000000070aa00000, 0x000000070aa00000, 0x000000070ac00000|  0%| F|  |TAMS 0x000000070aa00000| PB 0x000000070aa00000| Untracked 
|  26|0x000000070ac00000, 0x000000070ac00000, 0x000000070ae00000|  0%| F|  |TAMS 0x000000070ac00000| PB 0x000000070ac00000| Untracked 
|  27|0x000000070ae00000, 0x000000070ae00000, 0x000000070b000000|  0%| F|  |TAMS 0x000000070ae00000| PB 0x000000070ae00000| Untracked 
|  28|0x000000070b000000, 0x000000070b000000, 0x000000070b200000|  0%| F|  |TAMS 0x000000070b000000| PB 0x000000070b000000| Untracked 
|  29|0x000000070b200000, 0x000000070b200000, 0x000000070b400000|  0%| F|  |TAMS 0x000000070b200000| PB 0x000000070b200000| Untracked 
|  30|0x000000070b400000, 0x000000070b400000, 0x000000070b600000|  0%| F|  |TAMS 0x000000070b400000| PB 0x000000070b400000| Untracked 
|  31|0x000000070b600000, 0x000000070b600000, 0x000000070b800000|  0%| F|  |TAMS 0x000000070b600000| PB 0x000000070b600000| Untracked 
|  32|0x000000070b800000, 0x000000070b800000, 0x000000070ba00000|  0%| F|  |TAMS 0x000000070b800000| PB 0x000000070b800000| Untracked 
|  33|0x000000070ba00000, 0x000000070ba00000, 0x000000070bc00000|  0%| F|  |TAMS 0x000000070ba00000| PB 0x000000070ba00000| Untracked 
|  34|0x000000070bc00000, 0x000000070bc00000, 0x000000070be00000|  0%| F|  |TAMS 0x000000070bc00000| PB 0x000000070bc00000| Untracked 
|  35|0x000000070be00000, 0x000000070be00000, 0x000000070c000000|  0%| F|  |TAMS 0x000000070be00000| PB 0x000000070be00000| Untracked 
|  36|0x000000070c000000, 0x000000070c000000, 0x000000070c200000|  0%| F|  |TAMS 0x000000070c000000| PB 0x000000070c000000| Untracked 
|  37|0x000000070c200000, 0x000000070c200000, 0x000000070c400000|  0%| F|  |TAMS 0x000000070c200000| PB 0x000000070c200000| Untracked 
|  38|0x000000070c400000, 0x000000070c400000, 0x000000070c600000|  0%| F|  |TAMS 0x000000070c400000| PB 0x000000070c400000| Untracked 
|  39|0x000000070c600000, 0x000000070c600000, 0x000000070c800000|  0%| F|  |TAMS 0x000000070c600000| PB 0x000000070c600000| Untracked 
|  40|0x000000070c800000, 0x000000070c800000, 0x000000070ca00000|  0%| F|  |TAMS 0x000000070c800000| PB 0x000000070c800000| Untracked 
|  41|0x000000070ca00000, 0x000000070ca00000, 0x000000070cc00000|  0%| F|  |TAMS 0x000000070ca00000| PB 0x000000070ca00000| Untracked 
|  42|0x000000070cc00000, 0x000000070cc00000, 0x000000070ce00000|  0%| F|  |TAMS 0x000000070cc00000| PB 0x000000070cc00000| Untracked 
|  43|0x000000070ce00000, 0x000000070ce00000, 0x000000070d000000|  0%| F|  |TAMS 0x000000070ce00000| PB 0x000000070ce00000| Untracked 
|  44|0x000000070d000000, 0x000000070d000000, 0x000000070d200000|  0%| F|  |TAMS 0x000000070d000000| PB 0x000000070d000000| Untracked 
|  45|0x000000070d200000, 0x000000070d200000, 0x000000070d400000|  0%| F|  |TAMS 0x000000070d200000| PB 0x000000070d200000| Untracked 
|  46|0x000000070d400000, 0x000000070d400000, 0x000000070d600000|  0%| F|  |TAMS 0x000000070d400000| PB 0x000000070d400000| Untracked 
|  47|0x000000070d600000, 0x000000070d600000, 0x000000070d800000|  0%| F|  |TAMS 0x000000070d600000| PB 0x000000070d600000| Untracked 
|  48|0x000000070d800000, 0x000000070d800000, 0x000000070da00000|  0%| F|  |TAMS 0x000000070d800000| PB 0x000000070d800000| Untracked 
|  49|0x000000070da00000, 0x000000070da00000, 0x000000070dc00000|  0%| F|  |TAMS 0x000000070da00000| PB 0x000000070da00000| Untracked 
|  50|0x000000070dc00000, 0x000000070dc00000, 0x000000070de00000|  0%| F|  |TAMS 0x000000070dc00000| PB 0x000000070dc00000| Untracked 
|  51|0x000000070de00000, 0x000000070de00000, 0x000000070e000000|  0%| F|  |TAMS 0x000000070de00000| PB 0x000000070de00000| Untracked 
|  52|0x000000070e000000, 0x000000070e000000, 0x000000070e200000|  0%| F|  |TAMS 0x000000070e000000| PB 0x000000070e000000| Untracked 
|  53|0x000000070e200000, 0x000000070e200000, 0x000000070e400000|  0%| F|  |TAMS 0x000000070e200000| PB 0x000000070e200000| Untracked 
|  54|0x000000070e400000, 0x000000070e400000, 0x000000070e600000|  0%| F|  |TAMS 0x000000070e400000| PB 0x000000070e400000| Untracked 
|  55|0x000000070e600000, 0x000000070e600000, 0x000000070e800000|  0%| F|  |TAMS 0x000000070e600000| PB 0x000000070e600000| Untracked 
|  56|0x000000070e800000, 0x000000070e800000, 0x000000070ea00000|  0%| F|  |TAMS 0x000000070e800000| PB 0x000000070e800000| Untracked 
|  57|0x000000070ea00000, 0x000000070ea00000, 0x000000070ec00000|  0%| F|  |TAMS 0x000000070ea00000| PB 0x000000070ea00000| Untracked 
|  58|0x000000070ec00000, 0x000000070ec00000, 0x000000070ee00000|  0%| F|  |TAMS 0x000000070ec00000| PB 0x000000070ec00000| Untracked 
|  59|0x000000070ee00000, 0x000000070ee00000, 0x000000070f000000|  0%| F|  |TAMS 0x000000070ee00000| PB 0x000000070ee00000| Untracked 
|  60|0x000000070f000000, 0x000000070f000000, 0x000000070f200000|  0%| F|  |TAMS 0x000000070f000000| PB 0x000000070f000000| Untracked 
|  61|0x000000070f200000, 0x000000070f200000, 0x000000070f400000|  0%| F|  |TAMS 0x000000070f200000| PB 0x000000070f200000| Untracked 
|  62|0x000000070f400000, 0x000000070f400000, 0x000000070f600000|  0%| F|  |TAMS 0x000000070f400000| PB 0x000000070f400000| Untracked 
|  63|0x000000070f600000, 0x000000070f600000, 0x000000070f800000|  0%| F|  |TAMS 0x000000070f600000| PB 0x000000070f600000| Untracked 
|  64|0x000000070f800000, 0x000000070f800000, 0x000000070fa00000|  0%| F|  |TAMS 0x000000070f800000| PB 0x000000070f800000| Untracked 
|  65|0x000000070fa00000, 0x000000070fa00000, 0x000000070fc00000|  0%| F|  |TAMS 0x000000070fa00000| PB 0x000000070fa00000| Untracked 
|  66|0x000000070fc00000, 0x000000070fc00000, 0x000000070fe00000|  0%| F|  |TAMS 0x000000070fc00000| PB 0x000000070fc00000| Untracked 
|  67|0x000000070fe00000, 0x000000070fe00000, 0x0000000710000000|  0%| F|  |TAMS 0x000000070fe00000| PB 0x000000070fe00000| Untracked 
|  68|0x0000000710000000, 0x0000000710000000, 0x0000000710200000|  0%| F|  |TAMS 0x0000000710000000| PB 0x0000000710000000| Untracked 
|  69|0x0000000710200000, 0x0000000710200000, 0x0000000710400000|  0%| F|  |TAMS 0x0000000710200000| PB 0x0000000710200000| Untracked 
|  70|0x0000000710400000, 0x0000000710400000, 0x0000000710600000|  0%| F|  |TAMS 0x0000000710400000| PB 0x0000000710400000| Untracked 
|  71|0x0000000710600000, 0x0000000710600000, 0x0000000710800000|  0%| F|  |TAMS 0x0000000710600000| PB 0x0000000710600000| Untracked 
|  72|0x0000000710800000, 0x0000000710800000, 0x0000000710a00000|  0%| F|  |TAMS 0x0000000710800000| PB 0x0000000710800000| Untracked 
|  73|0x0000000710a00000, 0x0000000710a00000, 0x0000000710c00000|  0%| F|  |TAMS 0x0000000710a00000| PB 0x0000000710a00000| Untracked 
|  74|0x0000000710c00000, 0x0000000710c00000, 0x0000000710e00000|  0%| F|  |TAMS 0x0000000710c00000| PB 0x0000000710c00000| Untracked 
|  75|0x0000000710e00000, 0x0000000710e00000, 0x0000000711000000|  0%| F|  |TAMS 0x0000000710e00000| PB 0x0000000710e00000| Untracked 
|  76|0x0000000711000000, 0x0000000711000000, 0x0000000711200000|  0%| F|  |TAMS 0x0000000711000000| PB 0x0000000711000000| Untracked 
|  77|0x0000000711200000, 0x0000000711200000, 0x0000000711400000|  0%| F|  |TAMS 0x0000000711200000| PB 0x0000000711200000| Untracked 
|  78|0x0000000711400000, 0x0000000711400000, 0x0000000711600000|  0%| F|  |TAMS 0x0000000711400000| PB 0x0000000711400000| Untracked 
|  79|0x0000000711600000, 0x0000000711600000, 0x0000000711800000|  0%| F|  |TAMS 0x0000000711600000| PB 0x0000000711600000| Untracked 
|  80|0x0000000711800000, 0x0000000711800000, 0x0000000711a00000|  0%| F|  |TAMS 0x0000000711800000| PB 0x0000000711800000| Untracked 
|  81|0x0000000711a00000, 0x0000000711a00000, 0x0000000711c00000|  0%| F|  |TAMS 0x0000000711a00000| PB 0x0000000711a00000| Untracked 
|  82|0x0000000711c00000, 0x0000000711c00000, 0x0000000711e00000|  0%| F|  |TAMS 0x0000000711c00000| PB 0x0000000711c00000| Untracked 
|  83|0x0000000711e00000, 0x0000000711e00000, 0x0000000712000000|  0%| F|  |TAMS 0x0000000711e00000| PB 0x0000000711e00000| Untracked 
|  84|0x0000000712000000, 0x0000000712000000, 0x0000000712200000|  0%| F|  |TAMS 0x0000000712000000| PB 0x0000000712000000| Untracked 
|  85|0x0000000712200000, 0x0000000712200000, 0x0000000712400000|  0%| F|  |TAMS 0x0000000712200000| PB 0x0000000712200000| Untracked 
|  86|0x0000000712400000, 0x0000000712400000, 0x0000000712600000|  0%| F|  |TAMS 0x0000000712400000| PB 0x0000000712400000| Untracked 
|  87|0x0000000712600000, 0x0000000712600000, 0x0000000712800000|  0%| F|  |TAMS 0x0000000712600000| PB 0x0000000712600000| Untracked 
|  88|0x0000000712800000, 0x0000000712800000, 0x0000000712a00000|  0%| F|  |TAMS 0x0000000712800000| PB 0x0000000712800000| Untracked 
|  89|0x0000000712a00000, 0x0000000712a00000, 0x0000000712c00000|  0%| F|  |TAMS 0x0000000712a00000| PB 0x0000000712a00000| Untracked 
|  90|0x0000000712c00000, 0x0000000712c00000, 0x0000000712e00000|  0%| F|  |TAMS 0x0000000712c00000| PB 0x0000000712c00000| Untracked 
|  91|0x0000000712e00000, 0x0000000712e00000, 0x0000000713000000|  0%| F|  |TAMS 0x0000000712e00000| PB 0x0000000712e00000| Untracked 
|  92|0x0000000713000000, 0x0000000713000000, 0x0000000713200000|  0%| F|  |TAMS 0x0000000713000000| PB 0x0000000713000000| Untracked 
|  93|0x0000000713200000, 0x0000000713200000, 0x0000000713400000|  0%| F|  |TAMS 0x0000000713200000| PB 0x0000000713200000| Untracked 
|  94|0x0000000713400000, 0x0000000713400000, 0x0000000713600000|  0%| F|  |TAMS 0x0000000713400000| PB 0x0000000713400000| Untracked 
|  95|0x0000000713600000, 0x0000000713600000, 0x0000000713800000|  0%| F|  |TAMS 0x0000000713600000| PB 0x0000000713600000| Untracked 
|  96|0x0000000713800000, 0x0000000713800000, 0x0000000713a00000|  0%| F|  |TAMS 0x0000000713800000| PB 0x0000000713800000| Untracked 
|  97|0x0000000713a00000, 0x0000000713a00000, 0x0000000713c00000|  0%| F|  |TAMS 0x0000000713a00000| PB 0x0000000713a00000| Untracked 
|  98|0x0000000713c00000, 0x0000000713c00000, 0x0000000713e00000|  0%| F|  |TAMS 0x0000000713c00000| PB 0x0000000713c00000| Untracked 
|  99|0x0000000713e00000, 0x0000000713e00000, 0x0000000714000000|  0%| F|  |TAMS 0x0000000713e00000| PB 0x0000000713e00000| Untracked 
| 100|0x0000000714000000, 0x0000000714000000, 0x0000000714200000|  0%| F|  |TAMS 0x0000000714000000| PB 0x0000000714000000| Untracked 
| 101|0x0000000714200000, 0x0000000714200000, 0x0000000714400000|  0%| F|  |TAMS 0x0000000714200000| PB 0x0000000714200000| Untracked 
| 102|0x0000000714400000, 0x0000000714400000, 0x0000000714600000|  0%| F|  |TAMS 0x0000000714400000| PB 0x0000000714400000| Untracked 
| 103|0x0000000714600000, 0x0000000714600000, 0x0000000714800000|  0%| F|  |TAMS 0x0000000714600000| PB 0x0000000714600000| Untracked 
| 104|0x0000000714800000, 0x0000000714800000, 0x0000000714a00000|  0%| F|  |TAMS 0x0000000714800000| PB 0x0000000714800000| Untracked 
| 105|0x0000000714a00000, 0x0000000714a00000, 0x0000000714c00000|  0%| F|  |TAMS 0x0000000714a00000| PB 0x0000000714a00000| Untracked 
| 106|0x0000000714c00000, 0x0000000714c00000, 0x0000000714e00000|  0%| F|  |TAMS 0x0000000714c00000| PB 0x0000000714c00000| Untracked 
| 107|0x0000000714e00000, 0x0000000714e00000, 0x0000000715000000|  0%| F|  |TAMS 0x0000000714e00000| PB 0x0000000714e00000| Untracked 
| 108|0x0000000715000000, 0x0000000715000000, 0x0000000715200000|  0%| F|  |TAMS 0x0000000715000000| PB 0x0000000715000000| Untracked 
| 109|0x0000000715200000, 0x0000000715200000, 0x0000000715400000|  0%| F|  |TAMS 0x0000000715200000| PB 0x0000000715200000| Untracked 
| 110|0x0000000715400000, 0x0000000715400000, 0x0000000715600000|  0%| F|  |TAMS 0x0000000715400000| PB 0x0000000715400000| Untracked 
| 111|0x0000000715600000, 0x0000000715600000, 0x0000000715800000|  0%| F|  |TAMS 0x0000000715600000| PB 0x0000000715600000| Untracked 
| 112|0x0000000715800000, 0x0000000715800000, 0x0000000715a00000|  0%| F|  |TAMS 0x0000000715800000| PB 0x0000000715800000| Untracked 
| 113|0x0000000715a00000, 0x0000000715a00000, 0x0000000715c00000|  0%| F|  |TAMS 0x0000000715a00000| PB 0x0000000715a00000| Untracked 
| 114|0x0000000715c00000, 0x0000000715c00000, 0x0000000715e00000|  0%| F|  |TAMS 0x0000000715c00000| PB 0x0000000715c00000| Untracked 
| 115|0x0000000715e00000, 0x0000000715e00000, 0x0000000716000000|  0%| F|  |TAMS 0x0000000715e00000| PB 0x0000000715e00000| Untracked 
| 116|0x0000000716000000, 0x0000000716000000, 0x0000000716200000|  0%| F|  |TAMS 0x0000000716000000| PB 0x0000000716000000| Untracked 
| 117|0x0000000716200000, 0x0000000716200000, 0x0000000716400000|  0%| F|  |TAMS 0x0000000716200000| PB 0x0000000716200000| Untracked 
| 118|0x0000000716400000, 0x0000000716554390, 0x0000000716600000| 66%| E|  |TAMS 0x0000000716400000| PB 0x0000000716400000| Complete 
| 119|0x0000000716600000, 0x0000000716800000, 0x0000000716800000|100%| E|CS|TAMS 0x0000000716600000| PB 0x0000000716600000| Complete 
| 120|0x0000000716800000, 0x0000000716a00000, 0x0000000716a00000|100%| E|CS|TAMS 0x0000000716800000| PB 0x0000000716800000| Complete 
| 121|0x0000000716a00000, 0x0000000716c00000, 0x0000000716c00000|100%| E|CS|TAMS 0x0000000716a00000| PB 0x0000000716a00000| Complete 
| 122|0x0000000716c00000, 0x0000000716e00000, 0x0000000716e00000|100%| E|CS|TAMS 0x0000000716c00000| PB 0x0000000716c00000| Complete 
| 123|0x0000000716e00000, 0x0000000717000000, 0x0000000717000000|100%| E|CS|TAMS 0x0000000716e00000| PB 0x0000000716e00000| Complete 
| 124|0x0000000717000000, 0x0000000717200000, 0x0000000717200000|100%| E|CS|TAMS 0x0000000717000000| PB 0x0000000717000000| Complete 

Card table byte_map: [0x00007e974c000000,0x00007e974c7c4000] _byte_map_base: 0x00007e97487c4000

Marking Bits: (CMBitMap*) 0x00007e9760094960
 Bits: [0x00007e9748000000, 0x00007e974be20000)

Polling page: 0x00007e9766cd0000

Metaspace:

Usage:
  Non-class:     14.20 MB used.
      Class:      1.54 MB used.
       Both:     15.75 MB used.

Virtual space:
  Non-class space:       64.00 MB reserved,      14.31 MB ( 22%) committed,  1 nodes.
      Class space:        1.00 GB reserved,       1.62 MB ( <1%) committed,  1 nodes.
             Both:        1.06 GB reserved,      15.94 MB (  1%) committed. 

Chunk freelists:
   Non-Class:  1.00 MB
       Class:  14.25 MB
        Both:  15.25 MB

MaxMetaspaceSize: unlimited
CompressedClassSpaceSize: 1.00 GB
Initial GC threshold: 21.00 MB
Current GC threshold: 21.00 MB
CDS: off
 - commit_granule_bytes: 65536.
 - commit_granule_words: 8192.
 - virtual_space_node_default_size: 8388608.
 - enlarge_chunks_in_place: 1.
 - use_allocation_guard: 0.


Internal statistics:

num_allocs_failed_limit: 0.
num_arena_births: 214.
num_arena_deaths: 0.
num_vsnodes_births: 2.
num_vsnodes_deaths: 0.
num_space_committed: 255.
num_space_uncommitted: 0.
num_chunks_returned_to_freelist: 0.
num_chunks_taken_from_freelist: 383.
num_chunk_merges: 0.
num_chunk_splits: 209.
num_chunks_enlarged: 94.
num_inconsistent_stats: 0.

CodeHeap 'non-profiled nmethods': size=120028Kb used=264Kb max_used=264Kb free=119763Kb
 bounds [0x00007e9754ac9000, 0x00007e9754d39000, 0x00007e975c000000]
CodeHeap 'profiled nmethods': size=120028Kb used=1258Kb max_used=1258Kb free=118769Kb
 bounds [0x00007e974d000000, 0x00007e974d270000, 0x00007e9754537000]
CodeHeap 'non-nmethods': size=5704Kb used=1390Kb max_used=1402Kb free=4313Kb
 bounds [0x00007e9754537000, 0x00007e97547a7000, 0x00007e9754ac9000]
 total_blobs=1361 nmethods=861 adapters=406
 compilation: enabled
              stopped_count=0, restarted_count=0
 full_count=0

Compilation events (20 events):
Event: 0.317 Thread 0x00007e976022fd20 nmethod 814 0x00007e974d129290 code [0x00007e974d1294e0, 0x00007e974d12a068]
Event: 0.317 Thread 0x00007e976022fd20  817       3       java.lang.invoke.LambdaFormBuffer::ownedCount (7 bytes)
Event: 0.317 Thread 0x00007e976022fd20 nmethod 817 0x00007e974d12a490 code [0x00007e974d12a620, 0x00007e974d12a728]
Event: 0.317 Thread 0x00007e976022fd20  815       3       jdk.internal.org.objectweb.asm.SymbolTable::addConstantFieldref (10 bytes)
Event: 0.317 Thread 0x00007e976022fd20 nmethod 815 0x00007e974d12a790 code [0x00007e974d12a920, 0x00007e974d12aa70]
Event: 0.317 Thread 0x00007e976022fd20  816       3       java.lang.invoke.MethodHandleStatics::dumper (4 bytes)
Event: 0.317 Thread 0x00007e976022fd20 nmethod 816 0x00007e974d12ab10 code [0x00007e974d12aca0, 0x00007e974d12ad90]
Event: 0.317 Thread 0x00007e976022fd20  822       3       java.util.Arrays::copyOf (10 bytes)
Event: 0.317 Thread 0x00007e976022fd20 nmethod 822 0x00007e974d12ae10 code [0x00007e974d12afa0, 0x00007e974d12b0f0]
Event: 0.317 Thread 0x00007e976022fd20  823       3       java.lang.invoke.DirectMethodHandle::internalMemberName (8 bytes)
Event: 0.317 Thread 0x00007e976022fd20 nmethod 823 0x00007e974d12b210 code [0x00007e974d12b3a0, 0x00007e974d12b588]
Event: 0.318 Thread 0x00007e976022fd20  824       1       java.lang.invoke.MethodHandleNatives::isPullModeBSM (2 bytes)
Event: 0.318 Thread 0x00007e976022fd20 nmethod 824 0x00007e9754b09910 code [0x00007e9754b09aa0, 0x00007e9754b09b40]
Event: 0.318 Thread 0x00007e976022fd20  825       3       java.lang.invoke.ConstantCallSite::getTarget (20 bytes)
Event: 0.318 Thread 0x00007e976022fd20 nmethod 825 0x00007e974d12b690 code [0x00007e974d12b840, 0x00007e974d12ba60]
Event: 0.319 Thread 0x00007e976022e6b0  828   !   4       java.util.concurrent.ConcurrentHashMap::putVal (432 bytes)
Event: 0.319 Thread 0x00007e976022fd20  830       3       sun.invoke.util.BytecodeDescriptor::unparseMethod (66 bytes)
Event: 0.320 Thread 0x00007e976022fd20 nmethod 830 0x00007e974d12bb90 code [0x00007e974d12bdc0, 0x00007e974d12c398]
Event: 0.322 Thread 0x00007e976022fd20  831       3       java.lang.invoke.BoundMethodHandle::<init> (32 bytes)
Event: 0.322 Thread 0x00007e976022fd20 nmethod 831 0x00007e974d12c690 code [0x00007e974d12c820, 0x00007e974d12c980]

GC Heap History (0 events):
No events

Dll operation events (7 events):
Event: 0.001 Loaded shared library /opt/JetBrains Rider-2024.2.7/jbr/lib/libjava.so
Event: 0.004 Loaded shared library /opt/JetBrains Rider-2024.2.7/jbr/lib/libzip.so
Event: 0.061 Loaded shared library /opt/JetBrains Rider-2024.2.7/jbr/lib/libnio.so
Event: 0.066 Loaded shared library /opt/JetBrains Rider-2024.2.7/jbr/lib/libzip.so
Event: 0.114 Loaded shared library /opt/JetBrains Rider-2024.2.7/jbr/lib/libjimage.so
Event: 0.161 Loaded shared library /opt/JetBrains Rider-2024.2.7/jbr/lib/libnet.so
Event: 0.303 Loaded shared library /opt/JetBrains Rider-2024.2.7/jbr/lib/libextnet.so

Deoptimization events (16 events):
Event: 0.182 Thread 0x00007e976002b420 Uncommon trap: trap_request=0xffffff45 fr.pc=0x00007e9754adb678 relative=0x0000000000000078
Event: 0.182 Thread 0x00007e976002b420 Uncommon trap: reason=unstable_if action=reinterpret pc=0x00007e9754adb678 method=java.lang.CharacterDataLatin1.toLowerCase(I)I @ 16 c2
Event: 0.182 Thread 0x00007e976002b420 DEOPT PACKING pc=0x00007e9754adb678 sp=0x00007e9765314260
Event: 0.182 Thread 0x00007e976002b420 DEOPT UNPACKING pc=0x00007e975458af99 sp=0x00007e9765314210 mode 2
Event: 0.258 Thread 0x00007e976002b420 DEOPT PACKING pc=0x00007e974d0362a0 sp=0x00007e97653139b0
Event: 0.258 Thread 0x00007e976002b420 DEOPT UNPACKING pc=0x00007e975458b72f sp=0x00007e9765312e68 mode 0
Event: 0.259 Thread 0x00007e976002b420 DEOPT PACKING pc=0x00007e974d0362a0 sp=0x00007e97653139b0
Event: 0.259 Thread 0x00007e976002b420 DEOPT UNPACKING pc=0x00007e975458b72f sp=0x00007e9765312e68 mode 0
Event: 0.295 Thread 0x00007e976002b420 DEOPT PACKING pc=0x00007e974d031754 sp=0x00007e97653136a0
Event: 0.295 Thread 0x00007e976002b420 DEOPT UNPACKING pc=0x00007e975458b72f sp=0x00007e9765312ae0 mode 0
Event: 0.309 Thread 0x00007e976002b420 DEOPT PACKING pc=0x00007e974d016e55 sp=0x00007e9765313e70
Event: 0.309 Thread 0x00007e976002b420 DEOPT UNPACKING pc=0x00007e975458b72f sp=0x00007e97653132f8 mode 0
Event: 0.309 Thread 0x00007e976048b480 Uncommon trap: trap_request=0xffffff45 fr.pc=0x00007e9754afe3f8 relative=0x00000000000002b8
Event: 0.309 Thread 0x00007e976048b480 Uncommon trap: reason=unstable_if action=reinterpret pc=0x00007e9754afe3f8 method=java.util.concurrent.ConcurrentHashMap.get(Ljava/lang/Object;)Ljava/lang/Object; @ 86 c2
Event: 0.309 Thread 0x00007e976048b480 DEOPT PACKING pc=0x00007e9754afe3f8 sp=0x00007e97442fdaa0
Event: 0.309 Thread 0x00007e976048b480 DEOPT UNPACKING pc=0x00007e975458af99 sp=0x00007e97442fda28 mode 2

Classes loaded (20 events):
Event: 0.313 Loading class jdk/internal/util/random/RandomSupport
Event: 0.313 Loading class jdk/internal/util/random/RandomSupport done
Event: 0.313 Loading class java/lang/invoke/VarHandleLongs$FieldInstanceReadWrite
Event: 0.313 Loading class java/lang/invoke/VarHandleLongs$FieldInstanceReadOnly
Event: 0.314 Loading class java/lang/invoke/VarHandleLongs$FieldInstanceReadOnly done
Event: 0.314 Loading class java/util/concurrent/CompletableFuture$UniRelay
Event: 0.314 Loading class java/lang/invoke/VarHandleLongs$FieldInstanceReadWrite done
Event: 0.314 Loading class java/util/concurrent/CompletableFuture$UniRelay done
Event: 0.314 Loading class java/util/concurrent/atomic/Striped64$1
Event: 0.314 Loading class java/util/concurrent/atomic/Striped64$1 done
Event: 0.314 Loading class java/util/concurrent/ThreadPoolExecutor$Worker
Event: 0.314 Loading class java/util/concurrent/ThreadPoolExecutor$Worker done
Event: 0.315 Loading class java/util/concurrent/CompletableFuture$Signaller
Event: 0.315 Loading class java/util/concurrent/CompletableFuture$Signaller done
Event: 0.316 Loading class java/lang/invoke/BoundMethodHandle$Species_LLJ
Event: 0.316 Loading class java/lang/invoke/BoundMethodHandle$Species_LLJ done
Event: 0.321 Loading class java/util/function/IntBinaryOperator
Event: 0.321 Loading class java/util/function/IntBinaryOperator done
Event: 0.322 Loading class java/util/concurrent/Flow$Processor
Event: 0.322 Loading class java/util/concurrent/Flow$Processor done

Classes unloaded (0 events):
No events

Classes redefined (0 events):
No events

Internal exceptions (20 events):
Event: 0.225 Thread 0x00007e976002b420 Exception <a 'java/lang/NoSuchMethodError'{0x0000000716a15298}: 'int java.lang.invoke.DirectMethodHandle$Holder.invokeVirtual(java.lang.Object, java.lang.Object, java.lang.Object)'> (0x0000000716a15298) 
thrown [src/hotspot/share/interpreter/linkResolver.cpp, line 783]
Event: 0.225 Thread 0x00007e976002b420 Exception <a 'java/lang/NoSuchMethodError'{0x0000000716a18988}: 'int java.lang.invoke.DirectMethodHandle$Holder.invokeVirtual(java.lang.Object, java.lang.Object)'> (0x0000000716a18988) 
thrown [src/hotspot/share/interpreter/linkResolver.cpp, line 783]
Event: 0.225 Thread 0x00007e976002b420 Exception <a 'java/lang/NoSuchMethodError'{0x0000000716a1cd30}: 'int java.lang.invoke.DirectMethodHandle$Holder.invokeStaticInit(java.lang.Object, int, int)'> (0x0000000716a1cd30) 
thrown [src/hotspot/share/interpreter/linkResolver.cpp, line 783]
Event: 0.226 Thread 0x00007e976002b420 Exception <a 'java/lang/NoSuchMethodError'{0x0000000716a24340}: 'int java.lang.invoke.DirectMethodHandle$Holder.invokeStaticInit(java.lang.Object, long, long)'> (0x0000000716a24340) 
thrown [src/hotspot/share/interpreter/linkResolver.cpp, line 783]
Event: 0.226 Thread 0x00007e976002b420 Exception <a 'java/lang/NoSuchMethodError'{0x0000000716a2add8}: 'int java.lang.invoke.DirectMethodHandle$Holder.invokeStaticInit(java.lang.Object, float, float)'> (0x0000000716a2add8) 
thrown [src/hotspot/share/interpreter/linkResolver.cpp, line 783]
Event: 0.227 Thread 0x00007e976002b420 Exception <a 'java/lang/NoSuchMethodError'{0x0000000716a31868}: 'int java.lang.invoke.DirectMethodHandle$Holder.invokeStaticInit(java.lang.Object, double, double)'> (0x0000000716a31868) 
thrown [src/hotspot/share/interpreter/linkResolver.cpp, line 783]
Event: 0.227 Thread 0x00007e976002b420 Exception <a 'java/lang/NoSuchMethodError'{0x0000000716a35ef0}: 'int java.lang.invoke.DirectMethodHandle$Holder.invokeStatic(java.lang.Object, long)'> (0x0000000716a35ef0) 
thrown [src/hotspot/share/interpreter/linkResolver.cpp, line 783]
Event: 0.230 Thread 0x00007e976002b420 Exception <a 'java/lang/NoSuchMethodError'{0x0000000716a62df8}: 'java.lang.Object java.lang.invoke.DelegatingMethodHandle$Holder.delegate(java.lang.Object, int, java.lang.Object, java.lang.Object)'> (0x0000000716a62df8) 
thrown [src/hotspot/share/interpreter/linkResolver.cpp, line 783]
Event: 0.232 Thread 0x00007e976002b420 Exception <a 'java/lang/NoSuchMethodError'{0x0000000716a72360}: 'int java.lang.invoke.Invokers$Holder.linkToTargetMethod(java.lang.Object, java.lang.Object, java.lang.Object)'> (0x0000000716a72360) 
thrown [src/hotspot/share/interpreter/linkResolver.cpp, line 783]
Event: 0.234 Thread 0x00007e976002b420 Exception <a 'java/lang/NoSuchMethodError'{0x0000000716aa40b8}: 'long java.lang.invoke.DirectMethodHandle$Holder.invokeSpecial(java.lang.Object, java.lang.Object)'> (0x0000000716aa40b8) 
thrown [src/hotspot/share/interpreter/linkResolver.cpp, line 783]
Event: 0.235 Thread 0x00007e976002b420 Exception <a 'java/lang/NoSuchMethodError'{0x0000000716aaa988}: 'int java.lang.invoke.DirectMethodHandle$Holder.invokeStatic(java.lang.Object, java.lang.Object, java.lang.Object, java.lang.Object)'> (0x0000000716aaa988) 
thrown [src/hotspot/share/interpreter/linkResolver.cpp, line 783]
Event: 0.235 Thread 0x00007e976002b420 Exception <a 'java/lang/NoSuchMethodError'{0x0000000716aadda8}: 'java.lang.Object java.lang.invoke.Invokers$Holder.invokeExact_MT(java.lang.Object, java.lang.Object, java.lang.Object, java.lang.Object, java.lang.Object, java.lang.Object)'> (0x0000000716aadda8) 
thrown [src/hotspot/share/interpreter/linkResolver.cpp, line 783]
Event: 0.279 Thread 0x00007e976002b420 Exception <a 'java/lang/NoSuchMethodError'{0x0000000716902268}: 'java.lang.Object java.lang.invoke.DirectMethodHandle$Holder.newInvokeSpecial(java.lang.Object, java.lang.Object, java.lang.Object, java.lang.Object, java.lang.Object)'> (0x0000000716902268) 
thrown [src/hotspot/share/interpreter/linkResolver.cpp, line 783]
Event: 0.297 Thread 0x00007e976002b420 Exception <a 'java/lang/NoSuchMethodError'{0x0000000716685398}: 'java.lang.Object java.lang.invoke.DirectMethodHandle$Holder.invokeSpecial(java.lang.Object, java.lang.Object, java.lang.Object, java.lang.Object, int)'> (0x0000000716685398) 
thrown [src/hotspot/share/interpreter/linkResolver.cpp, line 783]
Event: 0.297 Thread 0x00007e976002b420 Exception <a 'java/lang/NoSuchMethodError'{0x0000000716688d00}: 'java.lang.Object java.lang.invoke.Invokers$Holder.linkToTargetMethod(java.lang.Object, java.lang.Object, int, java.lang.Object)'> (0x0000000716688d00) 
thrown [src/hotspot/share/interpreter/linkResolver.cpp, line 783]
Event: 0.301 Thread 0x00007e976002b420 Exception <a 'java/lang/NoSuchMethodError'{0x00000007166b6e28}: 'void java.lang.invoke.DirectMethodHandle$Holder.invokeSpecial(java.lang.Object, java.lang.Object, java.lang.Object)'> (0x00000007166b6e28) 
thrown [src/hotspot/share/interpreter/linkResolver.cpp, line 783]
Event: 0.311 Thread 0x00007e976002b420 Exception <a 'java/lang/NoSuchMethodError'{0x000000071673d368}: 'void java.lang.invoke.DirectMethodHandle$Holder.invokeSpecial(java.lang.Object, java.lang.Object, java.lang.Object, java.lang.Object, java.lang.Object)'> (0x000000071673d368) 
thrown [src/hotspot/share/interpreter/linkResolver.cpp, line 783]
Event: 0.312 Thread 0x00007e976048b480 Exception <a 'java/lang/NoSuchMethodError'{0x00000007168927f0}: 'void java.lang.invoke.DirectMethodHandle$Holder.invokeStatic(java.lang.Object, java.lang.Object, int)'> (0x00000007168927f0) 
thrown [src/hotspot/share/interpreter/linkResolver.cpp, line 783]
Event: 0.318 Thread 0x00007e976048b480 Exception <a 'java/lang/NoSuchMethodError'{0x00000007168cc8e0}: 'void java.lang.invoke.DirectMethodHandle$Holder.invokeStatic(java.lang.Object, java.lang.Object)'> (0x00000007168cc8e0) 
thrown [src/hotspot/share/interpreter/linkResolver.cpp, line 783]
Event: 0.319 Thread 0x00007e96dc00ecd0 Exception <a 'java/lang/NoSuchMethodError'{0x00000007167e7a78}: 'void java.lang.invoke.DirectMethodHandle$Holder.invokeInterface(java.lang.Object, java.lang.Object, java.lang.Object)'> (0x00000007167e7a78) 
thrown [src/hotspot/share/interpreter/linkResolver.cpp, line 783]

ZGC Phase Switch (0 events):
No events

VM Operations (4 events):
Event: 0.076 Executing VM operation: HandshakeAllThreads (Deoptimize)
Event: 0.076 Executing VM operation: HandshakeAllThreads (Deoptimize) done
Event: 0.236 Executing VM operation: HandshakeAllThreads (Deoptimize)
Event: 0.236 Executing VM operation: HandshakeAllThreads (Deoptimize) done

Memory protections (12 events):
Event: 0.001 Protecting memory [0x00007e9765217000,0x00007e976521b000] with protection modes 0
Event: 0.032 Protecting memory [0x00007e9744b00000,0x00007e9744b04000] with protection modes 0
Event: 0.033 Protecting memory [0x00007e9744a00000,0x00007e9744a04000] with protection modes 0
Event: 0.033 Protecting memory [0x00007e9744900000,0x00007e9744904000] with protection modes 0
Event: 0.034 Protecting memory [0x00007e9744800000,0x00007e9744804000] with protection modes 0
Event: 0.034 Protecting memory [0x00007e9744700000,0x00007e9744704000] with protection modes 0
Event: 0.034 Protecting memory [0x00007e9744600000,0x00007e9744604000] with protection modes 0
Event: 0.034 Protecting memory [0x00007e9744500000,0x00007e9744504000] with protection modes 0
Event: 0.054 Protecting memory [0x00007e9744400000,0x00007e9744404000] with protection modes 0
Event: 0.058 Protecting memory [0x00007e9744300000,0x00007e9744304000] with protection modes 0
Event: 0.276 Protecting memory [0x00007e9744200000,0x00007e9744204000] with protection modes 0
Event: 0.317 Protecting memory [0x00007e9744100000,0x00007e9744104000] with protection modes 0

Nmethod flushes (0 events):
No events

Events (12 events):
Event: 0.004 Thread 0x00007e976002b420 Thread added: 0x00007e976002b420
Event: 0.032 Thread 0x00007e976002b420 Thread added: 0x00007e97602178d0
Event: 0.033 Thread 0x00007e976002b420 Thread added: 0x00007e9760228ae0
Event: 0.033 Thread 0x00007e976002b420 Thread added: 0x00007e976022a3d0
Event: 0.033 Thread 0x00007e976002b420 Thread added: 0x00007e976022b900
Event: 0.034 Thread 0x00007e976002b420 Thread added: 0x00007e976022cea0
Event: 0.034 Thread 0x00007e976002b420 Thread added: 0x00007e976022e6b0
Event: 0.034 Thread 0x00007e976002b420 Thread added: 0x00007e976022fd20
Event: 0.054 Thread 0x00007e976002b420 Thread added: 0x00007e97602d5810
Event: 0.058 Thread 0x00007e976002b420 Thread added: 0x00007e97602d92a0
Event: 0.276 Thread 0x00007e976002b420 Thread added: 0x00007e976048b480
Event: 0.317 Thread 0x00007e976048b480 Thread added: 0x00007e96dc00ecd0


Dynamic libraries:
707800000-717200000 rw-p 00000000 00:00 0 
717200000-800000000 ---p 00000000 00:00 0 
800000000-800030000 rw-p 00000000 00:00 0 
800030000-8000b0000 rw-p 00000000 00:00 0 
8000b0000-8000d0000 rw-p 00000000 00:00 0 
8000d0000-800130000 rw-p 00000000 00:00 0 
800130000-8001a0000 rw-p 00000000 00:00 0 
8001a0000-840000000 ---p 00000000 00:00 0 
5d2cdf142000-5d2cdf143000 r--p 00000000 08:02 3146033                    /opt/JetBrains Rider-2024.2.7/jbr/bin/java
5d2cdf143000-5d2cdf144000 r-xp 00001000 08:02 3146033                    /opt/JetBrains Rider-2024.2.7/jbr/bin/java
5d2cdf144000-5d2cdf145000 r--p 00002000 08:02 3146033                    /opt/JetBrains Rider-2024.2.7/jbr/bin/java
5d2cdf145000-5d2cdf146000 r--p 00002000 08:02 3146033                    /opt/JetBrains Rider-2024.2.7/jbr/bin/java
5d2cdf146000-5d2cdf147000 rw-p 00003000 08:02 3146033                    /opt/JetBrains Rider-2024.2.7/jbr/bin/java
5d2ce4050000-5d2ce4096000 rw-p 00000000 00:00 0                          [heap]
7e96d0000000-7e96d0021000 rw-p 00000000 00:00 0 
7e96d0021000-7e96d4000000 ---p 00000000 00:00 0 
7e96d8000000-7e96d8027000 rw-p 00000000 00:00 0 
7e96d8027000-7e96dc000000 ---p 00000000 00:00 0 
7e96dc000000-7e96dc021000 rw-p 00000000 00:00 0 
7e96dc021000-7e96e0000000 ---p 00000000 00:00 0 
7e96e4000000-7e96e4021000 rw-p 00000000 00:00 0 
7e96e4021000-7e96e8000000 ---p 00000000 00:00 0 
7e96e8000000-7e96e8021000 rw-p 00000000 00:00 0 
7e96e8021000-7e96ec000000 ---p 00000000 00:00 0 
7e96f0000000-7e96f0285000 rw-p 00000000 00:00 0 
7e96f0285000-7e96f4000000 ---p 00000000 00:00 0 
7e96f4000000-7e96f423c000 rw-p 00000000 00:00 0 
7e96f423c000-7e96f8000000 ---p 00000000 00:00 0 
7e96fc000000-7e96fc021000 rw-p 00000000 00:00 0 
7e96fc021000-7e9700000000 ---p 00000000 00:00 0 
7e9700000000-7e9700021000 rw-p 00000000 00:00 0 
7e9700021000-7e9704000000 ---p 00000000 00:00 0 
7e9708000000-7e9708021000 rw-p 00000000 00:00 0 
7e9708021000-7e970c000000 ---p 00000000 00:00 0 
7e970c000000-7e970c021000 rw-p 00000000 00:00 0 
7e970c021000-7e9710000000 ---p 00000000 00:00 0 
7e9714000000-7e9714021000 rw-p 00000000 00:00 0 
7e9714021000-7e9718000000 ---p 00000000 00:00 0 
7e9718000000-7e9718021000 rw-p 00000000 00:00 0 
7e9718021000-7e971c000000 ---p 00000000 00:00 0 
7e9720000000-7e97204f0000 rw-p 00000000 00:00 0 
7e97204f0000-7e9720510000 rw-p 00000000 00:00 0 
7e9720510000-7e9720530000 rw-p 00000000 00:00 0 
7e9720530000-7e9720570000 rw-p 00000000 00:00 0 
7e9720570000-7e97206f0000 rw-p 00000000 00:00 0 
7e97206f0000-7e9720710000 rw-p 00000000 00:00 0 
7e9720710000-7e9720730000 rw-p 00000000 00:00 0 
7e9720730000-7e9720770000 rw-p 00000000 00:00 0 
7e9720770000-7e97209f0000 rw-p 00000000 00:00 0 
7e97209f0000-7e9720a70000 rw-p 00000000 00:00 0 
7e9720a70000-7e9720af0000 rw-p 00000000 00:00 0 
7e9720af0000-7e9720cf0000 rw-p 00000000 00:00 0 
7e9720cf0000-7e9720e60000 rw-p 00000000 00:00 0 
7e9720e60000-7e9724000000 ---p 00000000 00:00 0 
7e9724000000-7e9724021000 rw-p 00000000 00:00 0 
7e9724021000-7e9728000000 ---p 00000000 00:00 0 
7e9728000000-7e9728021000 rw-p 00000000 00:00 0 
7e9728021000-7e972c000000 ---p 00000000 00:00 0 
7e9730000000-7e9730021000 rw-p 00000000 00:00 0 
7e9730021000-7e9734000000 ---p 00000000 00:00 0 
7e9734000000-7e9734021000 rw-p 00000000 00:00 0 
7e9734021000-7e9738000000 ---p 00000000 00:00 0 
7e973ba00000-7e973bce7000 rw-p 00000000 00:00 0 
7e973be7c000-7e973c021000 rw-p 00000000 00:00 0 
7e973c021000-7e9740000000 ---p 00000000 00:00 0 
7e9740000000-7e9740021000 rw-p 00000000 00:00 0 
7e9740021000-7e9744004000 ---p 00000000 00:00 0 
7e9744004000-7e9744100000 rw-p 00000000 00:00 0 
7e9744100000-7e9744104000 ---p 00000000 00:00 0 
7e9744104000-7e9744200000 rw-p 00000000 00:00 0 
7e9744200000-7e9744204000 ---p 00000000 00:00 0 
7e9744204000-7e9744300000 rw-p 00000000 00:00 0 
7e9744300000-7e9744304000 ---p 00000000 00:00 0 
7e9744304000-7e9744400000 rw-p 00000000 00:00 0 
7e9744400000-7e9744404000 ---p 00000000 00:00 0 
7e9744404000-7e9744500000 rw-p 00000000 00:00 0 
7e9744500000-7e9744504000 ---p 00000000 00:00 0 
7e9744504000-7e9744600000 rw-p 00000000 00:00 0 
7e9744600000-7e9744604000 ---p 00000000 00:00 0 
7e9744604000-7e9744700000 rw-p 00000000 00:00 0 
7e9744700000-7e9744704000 ---p 00000000 00:00 0 
7e9744704000-7e9744800000 rw-p 00000000 00:00 0 
7e9744800000-7e9744804000 ---p 00000000 00:00 0 
7e9744804000-7e9744900000 rw-p 00000000 00:00 0 
7e9744900000-7e9744904000 ---p 00000000 00:00 0 
7e9744904000-7e9744a00000 rw-p 00000000 00:00 0 
7e9744a00000-7e9744a04000 ---p 00000000 00:00 0 
7e9744a04000-7e9744b00000 rw-p 00000000 00:00 0 
7e9744b00000-7e9744b04000 ---p 00000000 00:00 0 
7e9744b04000-7e9744c00000 rw-p 00000000 00:00 0 
7e9744c00000-7e9745447000 r--p 00000000 08:02 7748337                    /usr/lib/locale/locale-archive
7e97454dc000-7e97454dd000 ---p 00000000 00:00 0 
7e97454dd000-7e97455dd000 rw-p 00000000 00:00 0 
7e97455dd000-7e97455de000 ---p 00000000 00:00 0 
7e97455de000-7e97456de000 rw-p 00000000 00:00 0 
7e97457f8000-7e97457f9000 ---p 00000000 00:00 0 
7e97457f9000-7e97458f9000 rw-p 00000000 00:00 0 
7e97458f9000-7e97458fa000 ---p 00000000 00:00 0 
7e97458fa000-7e97459fa000 rw-p 00000000 00:00 0 
7e97459fa000-7e97483e8000 rw-p 00000000 00:00 0 
7e97483e8000-7e974be20000 ---p 00000000 00:00 0 
7e974be7e000-7e974c07d000 rw-p 00000000 00:00 0 
7e974c07d000-7e974c7c4000 ---p 00000000 00:00 0 
7e974c800000-7e974c87d000 rw-p 00000000 00:00 0 
7e974c87d000-7e974cfc4000 ---p 00000000 00:00 0 
7e974d000000-7e974d270000 rwxp 00000000 00:00 0 
7e974d270000-7e9754537000 ---p 00000000 00:00 0 
7e9754537000-7e97547a7000 rwxp 00000000 00:00 0 
7e97547a7000-7e9754ac9000 ---p 00000000 00:00 0 
7e9754ac9000-7e9754d39000 rwxp 00000000 00:00 0 
7e9754d39000-7e975c000000 ---p 00000000 00:00 0 
7e975c000000-7e975ff32000 r--s 00000000 08:02 3051593                    /opt/JetBrains Rider-2024.2.7/jbr/lib/modules
7e975ff64000-7e97604df000 rw-p 00000000 00:00 0 
7e97604df000-7e9764000000 ---p 00000000 00:00 0 
7e9764025000-7e976402c000 r--s 00000000 08:02 7737454                    /usr/lib/x86_64-linux-gnu/gconv/gconv-modules.cache
7e976402c000-7e976402d000 r--p 00000000 08:02 3051442                    /opt/JetBrains Rider-2024.2.7/jbr/lib/libextnet.so
7e976402d000-7e976402e000 r-xp 00001000 08:02 3051442                    /opt/JetBrains Rider-2024.2.7/jbr/lib/libextnet.so
7e976402e000-7e976402f000 r--p 00002000 08:02 3051442                    /opt/JetBrains Rider-2024.2.7/jbr/lib/libextnet.so
7e976402f000-7e9764030000 r--p 00002000 08:02 3051442                    /opt/JetBrains Rider-2024.2.7/jbr/lib/libextnet.so
7e9764030000-7e9764334000 rw-p 00000000 00:00 0 
7e9764334000-7e9764335000 ---p 00000000 00:00 0 
7e9764335000-7e9764435000 rw-p 00000000 00:00 0 
7e9764435000-7e9764436000 ---p 00000000 00:00 0 
7e9764436000-7e9764536000 rw-p 00000000 00:00 0 
7e9764536000-7e9764537000 ---p 00000000 00:00 0 
7e9764537000-7e9764637000 rw-p 00000000 00:00 0 
7e9764637000-7e9765046000 rw-p 00000000 00:00 0 
7e9765046000-7e976512c000 ---p 00000000 00:00 0 
7e976512c000-7e9765131000 rw-p 00000000 00:00 0 
7e9765131000-7e9765217000 ---p 00000000 00:00 0 
7e9765217000-7e976521b000 ---p 00000000 00:00 0 
7e976521b000-7e9765317000 rw-p 00000000 00:00 0 
7e9765317000-7e9765327000 r--p 00000000 08:02 7737467                    /usr/lib/x86_64-linux-gnu/libm.so.6
7e9765327000-7e97653a6000 r-xp 00010000 08:02 7737467                    /usr/lib/x86_64-linux-gnu/libm.so.6
7e97653a6000-7e97653fe000 r--p 0008f000 08:02 7737467                    /usr/lib/x86_64-linux-gnu/libm.so.6
7e97653fe000-7e97653ff000 r--p 000e7000 08:02 7737467                    /usr/lib/x86_64-linux-gnu/libm.so.6
7e97653ff000-7e9765400000 rw-p 000e8000 08:02 7737467                    /usr/lib/x86_64-linux-gnu/libm.so.6
7e9765400000-7e9765698000 r--p 00000000 08:02 3051598                    /opt/JetBrains Rider-2024.2.7/jbr/lib/server/libjvm.so
7e9765698000-7e9766514000 r-xp 00298000 08:02 3051598                    /opt/JetBrains Rider-2024.2.7/jbr/lib/server/libjvm.so
7e9766514000-7e97667f7000 r--p 01114000 08:02 3051598                    /opt/JetBrains Rider-2024.2.7/jbr/lib/server/libjvm.so
7e97667f7000-7e97668c8000 r--p 013f6000 08:02 3051598                    /opt/JetBrains Rider-2024.2.7/jbr/lib/server/libjvm.so
7e97668c8000-7e97668f8000 rw-p 014c7000 08:02 3051598                    /opt/JetBrains Rider-2024.2.7/jbr/lib/server/libjvm.so
7e97668f8000-7e976696e000 rw-p 00000000 00:00 0 
7e976696f000-7e9766972000 r--p 00000000 08:02 3051445                    /opt/JetBrains Rider-2024.2.7/jbr/lib/libnet.so
7e9766972000-7e976697a000 r-xp 00003000 08:02 3051445                    /opt/JetBrains Rider-2024.2.7/jbr/lib/libnet.so
7e976697a000-7e976697c000 r--p 0000b000 08:02 3051445                    /opt/JetBrains Rider-2024.2.7/jbr/lib/libnet.so
7e976697c000-7e976697d000 ---p 0000d000 08:02 3051445                    /opt/JetBrains Rider-2024.2.7/jbr/lib/libnet.so
7e976697d000-7e976697e000 r--p 0000d000 08:02 3051445                    /opt/JetBrains Rider-2024.2.7/jbr/lib/libnet.so
7e976697e000-7e9766a00000 rw-p 00000000 00:00 0 
7e9766a00000-7e9766a28000 r--p 00000000 08:02 7737464                    /usr/lib/x86_64-linux-gnu/libc.so.6
7e9766a28000-7e9766bb0000 r-xp 00028000 08:02 7737464                    /usr/lib/x86_64-linux-gnu/libc.so.6
7e9766bb0000-7e9766bff000 r--p 001b0000 08:02 7737464                    /usr/lib/x86_64-linux-gnu/libc.so.6
7e9766bff000-7e9766c03000 r--p 001fe000 08:02 7737464                    /usr/lib/x86_64-linux-gnu/libc.so.6
7e9766c03000-7e9766c05000 rw-p 00202000 08:02 7737464                    /usr/lib/x86_64-linux-gnu/libc.so.6
7e9766c05000-7e9766c12000 rw-p 00000000 00:00 0 
7e9766c15000-7e9766c1c000 r--p 00000000 08:02 3051590                    /opt/JetBrains Rider-2024.2.7/jbr/lib/libnio.so
7e9766c1c000-7e9766c25000 r-xp 00007000 08:02 3051590                    /opt/JetBrains Rider-2024.2.7/jbr/lib/libnio.so
7e9766c25000-7e9766c29000 r--p 00010000 08:02 3051590                    /opt/JetBrains Rider-2024.2.7/jbr/lib/libnio.so
7e9766c29000-7e9766c2a000 ---p 00014000 08:02 3051590                    /opt/JetBrains Rider-2024.2.7/jbr/lib/libnio.so
7e9766c2a000-7e9766c2b000 r--p 00014000 08:02 3051590                    /opt/JetBrains Rider-2024.2.7/jbr/lib/libnio.so
7e9766c2b000-7e9766c2c000 rw-p 00015000 08:02 3051590                    /opt/JetBrains Rider-2024.2.7/jbr/lib/libnio.so
7e9766c2c000-7e9766c2e000 r--p 00000000 08:02 3051609                    /opt/JetBrains Rider-2024.2.7/jbr/lib/libzip.so
7e9766c2e000-7e9766c32000 r-xp 00002000 08:02 3051609                    /opt/JetBrains Rider-2024.2.7/jbr/lib/libzip.so
7e9766c32000-7e9766c34000 r--p 00006000 08:02 3051609                    /opt/JetBrains Rider-2024.2.7/jbr/lib/libzip.so
7e9766c34000-7e9766c35000 r--p 00007000 08:02 3051609                    /opt/JetBrains Rider-2024.2.7/jbr/lib/libzip.so
7e9766c35000-7e9766c36000 rw-p 00000000 00:00 0 
7e9766c36000-7e9766c43000 r--p 00000000 08:02 3051533                    /opt/JetBrains Rider-2024.2.7/jbr/lib/libjava.so
7e9766c43000-7e9766c51000 r-xp 0000d000 08:02 3051533                    /opt/JetBrains Rider-2024.2.7/jbr/lib/libjava.so
7e9766c51000-7e9766c56000 r--p 0001b000 08:02 3051533                    /opt/JetBrains Rider-2024.2.7/jbr/lib/libjava.so
7e9766c56000-7e9766c57000 ---p 00020000 08:02 3051533                    /opt/JetBrains Rider-2024.2.7/jbr/lib/libjava.so
7e9766c57000-7e9766c58000 r--p 00020000 08:02 3051533                    /opt/JetBrains Rider-2024.2.7/jbr/lib/libjava.so
7e9766c58000-7e9766c59000 rw-p 00021000 08:02 3051533                    /opt/JetBrains Rider-2024.2.7/jbr/lib/libjava.so
7e9766c59000-7e9766c5a000 rw-p 00000000 00:00 0 
7e9766c5a000-7e9766c5d000 r--p 00000000 08:02 3051530                    /opt/JetBrains Rider-2024.2.7/jbr/lib/libjimage.so
7e9766c5d000-7e9766c71000 r-xp 00003000 08:02 3051530                    /opt/JetBrains Rider-2024.2.7/jbr/lib/libjimage.so
7e9766c71000-7e9766c77000 r--p 00017000 08:02 3051530                    /opt/JetBrains Rider-2024.2.7/jbr/lib/libjimage.so
7e9766c77000-7e9766c79000 r--p 0001c000 08:02 3051530                    /opt/JetBrains Rider-2024.2.7/jbr/lib/libjimage.so
7e9766c79000-7e9766c7a000 rw-p 0001e000 08:02 3051530                    /opt/JetBrains Rider-2024.2.7/jbr/lib/libjimage.so
7e9766c7a000-7e9766c7b000 r--p 00000000 08:02 7737478                    /usr/lib/x86_64-linux-gnu/librt.so.1
7e9766c7b000-7e9766c7c000 r-xp 00001000 08:02 7737478                    /usr/lib/x86_64-linux-gnu/librt.so.1
7e9766c7c000-7e9766c7d000 r--p 00002000 08:02 7737478                    /usr/lib/x86_64-linux-gnu/librt.so.1
7e9766c7d000-7e9766c7e000 r--p 00002000 08:02 7737478                    /usr/lib/x86_64-linux-gnu/librt.so.1
7e9766c7e000-7e9766c7f000 rw-p 00003000 08:02 7737478                    /usr/lib/x86_64-linux-gnu/librt.so.1
7e9766c7f000-7e9766c83000 rw-p 00000000 00:00 0 
7e9766c83000-7e9766c84000 r--p 00000000 08:02 7737466                    /usr/lib/x86_64-linux-gnu/libdl.so.2
7e9766c84000-7e9766c85000 r-xp 00001000 08:02 7737466                    /usr/lib/x86_64-linux-gnu/libdl.so.2
7e9766c85000-7e9766c86000 r--p 00002000 08:02 7737466                    /usr/lib/x86_64-linux-gnu/libdl.so.2
7e9766c86000-7e9766c87000 r--p 00002000 08:02 7737466                    /usr/lib/x86_64-linux-gnu/libdl.so.2
7e9766c87000-7e9766c88000 rw-p 00003000 08:02 7737466                    /usr/lib/x86_64-linux-gnu/libdl.so.2
7e9766c88000-7e9766c89000 r--p 00000000 08:02 7737476                    /usr/lib/x86_64-linux-gnu/libpthread.so.0
7e9766c89000-7e9766c8a000 r-xp 00001000 08:02 7737476                    /usr/lib/x86_64-linux-gnu/libpthread.so.0
7e9766c8a000-7e9766c8b000 r--p 00002000 08:02 7737476                    /usr/lib/x86_64-linux-gnu/libpthread.so.0
7e9766c8b000-7e9766c8c000 r--p 00002000 08:02 7737476                    /usr/lib/x86_64-linux-gnu/libpthread.so.0
7e9766c8c000-7e9766c8d000 rw-p 00003000 08:02 7737476                    /usr/lib/x86_64-linux-gnu/libpthread.so.0
7e9766c8d000-7e9766c8f000 r--p 00000000 08:02 3051446                    /opt/JetBrains Rider-2024.2.7/jbr/lib/libjli.so
7e9766c8f000-7e9766c99000 r-xp 00002000 08:02 3051446                    /opt/JetBrains Rider-2024.2.7/jbr/lib/libjli.so
7e9766c99000-7e9766c9c000 r--p 0000c000 08:02 3051446                    /opt/JetBrains Rider-2024.2.7/jbr/lib/libjli.so
7e9766c9c000-7e9766c9d000 ---p 0000f000 08:02 3051446                    /opt/JetBrains Rider-2024.2.7/jbr/lib/libjli.so
7e9766c9d000-7e9766c9e000 r--p 0000f000 08:02 3051446                    /opt/JetBrains Rider-2024.2.7/jbr/lib/libjli.so
7e9766c9e000-7e9766c9f000 rw-p 00010000 08:02 3051446                    /opt/JetBrains Rider-2024.2.7/jbr/lib/libjli.so
7e9766c9f000-7e9766ca1000 r--p 00000000 08:02 7759079                    /usr/lib/x86_64-linux-gnu/libz.so.1.3
7e9766ca1000-7e9766cb3000 r-xp 00002000 08:02 7759079                    /usr/lib/x86_64-linux-gnu/libz.so.1.3
7e9766cb3000-7e9766cb9000 r--p 00014000 08:02 7759079                    /usr/lib/x86_64-linux-gnu/libz.so.1.3
7e9766cb9000-7e9766cba000 r--p 0001a000 08:02 7759079                    /usr/lib/x86_64-linux-gnu/libz.so.1.3
7e9766cba000-7e9766cbb000 rw-p 0001b000 08:02 7759079                    /usr/lib/x86_64-linux-gnu/libz.so.1.3
7e9766cbc000-7e9766cc1000 rw-p 00000000 00:00 0 
7e9766cc1000-7e9766cc8000 ---p 00000000 00:00 0 
7e9766cc8000-7e9766cd0000 rw-s 00000000 08:02 3539015                    /tmp/hsperfdata_viktor/20884
7e9766cd0000-7e9766cd1000 ---p 00000000 00:00 0 
7e9766cd1000-7e9766cd2000 r--p 00000000 00:00 0 
7e9766cd2000-7e9766cd3000 ---p 00000000 00:00 0 
7e9766cd3000-7e9766cd5000 rw-p 00000000 00:00 0 
7e9766cd5000-7e9766cd6000 r--p 00000000 08:02 7737461                    /usr/lib/x86_64-linux-gnu/ld-linux-x86-64.so.2
7e9766cd6000-7e9766d01000 r-xp 00001000 08:02 7737461                    /usr/lib/x86_64-linux-gnu/ld-linux-x86-64.so.2
7e9766d01000-7e9766d0b000 r--p 0002c000 08:02 7737461                    /usr/lib/x86_64-linux-gnu/ld-linux-x86-64.so.2
7e9766d0b000-7e9766d0d000 r--p 00036000 08:02 7737461                    /usr/lib/x86_64-linux-gnu/ld-linux-x86-64.so.2
7e9766d0d000-7e9766d0f000 rw-p 00038000 08:02 7737461                    /usr/lib/x86_64-linux-gnu/ld-linux-x86-64.so.2
7ffc62800000-7ffc62822000 rw-p 00000000 00:00 0                          [stack]
7ffc62864000-7ffc62868000 r--p 00000000 00:00 0                          [vvar]
7ffc62868000-7ffc6286a000 r-xp 00000000 00:00 0                          [vdso]
ffffffffff600000-ffffffffff601000 --xp 00000000 00:00 0                  [vsyscall]
Total number of mappings: 221


VM Arguments:
jvm_args: -Dawt.toolkit.name=XToolkit 
java_command: git4idea.http.GitAskPassApp Username for 'https://github.com': 
java_class_path (initial): /opt/JetBrains Rider-2024.2.7/plugins/vcs-git/lib/git4idea-rt.jar:/opt/JetBrains Rider-2024.2.7/lib/externalProcess-rt.jar
Launcher Type: SUN_STANDARD

[Global flags]
     intx CICompilerCount                          = 4                                         {product} {ergonomic}
     uint ConcGCThreads                            = 3                                         {product} {ergonomic}
     uint G1ConcRefinementThreads                  = 10                                        {product} {ergonomic}
   size_t G1HeapRegionSize                         = 2097152                                   {product} {ergonomic}
    uintx GCDrainStackTargetSize                   = 64                                        {product} {ergonomic}
   size_t InitialHeapSize                          = 262144000                                 {product} {ergonomic}
   size_t MarkStackSize                            = 4194304                                   {product} {ergonomic}
   size_t MaxHeapSize                              = 4169138176                                {product} {ergonomic}
   size_t MaxNewSize                               = 2499805184                                {product} {ergonomic}
   size_t MinHeapDeltaBytes                        = 2097152                                   {product} {ergonomic}
   size_t MinHeapSize                              = 8388608                                   {product} {ergonomic}
    uintx NonNMethodCodeHeapSize                   = 5839372                                {pd product} {ergonomic}
    uintx NonProfiledCodeHeapSize                  = 122909434                              {pd product} {ergonomic}
    uintx ProfiledCodeHeapSize                     = 122909434                              {pd product} {ergonomic}
    uintx ReservedCodeCacheSize                    = 251658240                              {pd product} {ergonomic}
     bool SegmentedCodeCache                       = true                                      {product} {ergonomic}
   size_t SoftMaxHeapSize                          = 4169138176                             {manageable} {ergonomic}
     bool UseCompressedOops                        = true                           {product lp64_product} {ergonomic}
     bool UseG1GC                                  = true                                      {product} {ergonomic}

Logging:
Log output configuration:
 #0: stdout all=warning uptime,level,tags foldmultilines=false
 #1: stderr all=off uptime,level,tags foldmultilines=false

Environment Variables:
PATH=/usr/lib/git-core:/usr/lib/git-core:/usr/local/sbin:/usr/local/bin:/usr/sbin:/usr/bin:/sbin:/bin:/usr/games:/usr/local/games:/snap/bin:/home/viktor/.dotnet/tools:/home/viktor/.local/share/JetBrains/Toolbox/scripts:/opt/JetBrains\ Rider-2024.2.7/bin
SHELL=/bin/bash
DISPLAY=:0
LANG=en_CA.UTF-8
LC_ALL=en_US.UTF-8
LC_NUMERIC=sv_SE.UTF-8
LC_TIME=sv_SE.UTF-8
TERM=xterm-256color

Active Locale:
LC_ALL=en_US.UTF-8
LC_COLLATE=en_US.UTF-8
LC_CTYPE=en_US.UTF-8
LC_MESSAGES=en_US.UTF-8
LC_MONETARY=en_US.UTF-8
LC_NUMERIC=en_US.UTF-8
LC_TIME=en_US.UTF-8

Signal Handlers:
   SIGSEGV: crash_handler in libjvm.so, mask=11100100010111111101111111111110, flags=SA_RESTART|SA_SIGINFO, unblocked
    SIGBUS: crash_handler in libjvm.so, mask=11100100010111111101111111111110, flags=SA_RESTART|SA_SIGINFO, unblocked
    SIGFPE: crash_handler in libjvm.so, mask=11100100010111111101111111111110, flags=SA_RESTART|SA_SIGINFO, unblocked
   SIGPIPE: javaSignalHandler in libjvm.so, mask=11100100010111111101111111111110, flags=SA_RESTART|SA_SIGINFO, blocked
   SIGXFSZ: javaSignalHandler in libjvm.so, mask=11100100010111111101111111111110, flags=SA_RESTART|SA_SIGINFO, blocked
    SIGILL: crash_handler in libjvm.so, mask=11100100010111111101111111111110, flags=SA_RESTART|SA_SIGINFO, unblocked
   SIGUSR2: SR_handler in libjvm.so, mask=00000000000000000000000000000000, flags=SA_RESTART|SA_SIGINFO, blocked
    SIGHUP: UserHandler in libjvm.so, mask=11100100010111111101111111111110, flags=SA_RESTART|SA_SIGINFO, blocked
    SIGINT: UserHandler in libjvm.so, mask=11100100010111111101111111111110, flags=SA_RESTART|SA_SIGINFO, blocked
   SIGTERM: UserHandler in libjvm.so, mask=11100100010111111101111111111110, flags=SA_RESTART|SA_SIGINFO, blocked
   SIGQUIT: UserHandler in libjvm.so, mask=11100100010111111101111111111110, flags=SA_RESTART|SA_SIGINFO, blocked
   SIGTRAP: crash_handler in libjvm.so, mask=11100100010111111101111111111110, flags=SA_RESTART|SA_SIGINFO, unblocked


Periodic native trim disabled

JNI global refs:
JNI global refs: 14, weak refs: 0

JNI global refs memory usage: 859, weak refs: 857

Process memory usage:
Resident Set Size: 80884K (0% of 16279656K total physical memory with 10693896K free physical memory)

OOME stack traces (most recent first):
Classloader memory used:
Loader bootstrap                                                                       : 14788K
Loader jdk.internal.loader.ClassLoaders$PlatformClassLoader                            : 1450K
Loader jdk.internal.loader.ClassLoaders$AppClassLoader                                 : 16408B

---------------  S Y S T E M  ---------------

OS:
DISTRIB_ID=LinuxMint
DISTRIB_RELEASE=22
DISTRIB_CODENAME=wilma
DISTRIB_DESCRIPTION="Linux Mint 22 Wilma"
uname: Linux 6.8.0-51-generic #52-Ubuntu SMP PREEMPT_DYNAMIC Thu Dec  5 13:09:44 UTC 2024 x86_64
OS uptime: 0 days 1:48 hours
libc: glibc 2.39 NPTL 2.39 
rlimit (soft/hard): STACK 8192k/infinity , CORE 0k/infinity , NPROC 63285/63285 , NOFILE 1048576/1048576 , AS infinity/infinity , CPU infinity/infinity , DATA infinity/infinity , FSIZE infinity/infinity , MEMLOCK 2034956k/2034956k
load average: 10.00 11.35 7.45

/proc/meminfo:
MemTotal:       16279656 kB
MemFree:         6314616 kB
MemAvailable:   10693896 kB
Buffers:          372536 kB
Cached:          4438872 kB
SwapCached:       126896 kB
Active:          4881944 kB
Inactive:        4086056 kB
Active(anon):    4164208 kB
Inactive(anon):   435780 kB
Active(file):     717736 kB
Inactive(file):  3650276 kB
Unevictable:       19664 kB
Mlocked:             312 kB
SwapTotal:       2097148 kB
SwapFree:        1225980 kB
Zswap:                 0 kB
Zswapped:              0 kB
Dirty:              1392 kB
Writeback:             0 kB
AnonPages:       4147372 kB
Mapped:          1862320 kB
Shmem:            443392 kB
KReclaimable:     351944 kB
Slab:             564884 kB
SReclaimable:     351944 kB
SUnreclaim:       212940 kB
KernelStack:       22368 kB
PageTables:        58396 kB
SecPageTables:         0 kB
NFS_Unstable:          0 kB
Bounce:                0 kB
WritebackTmp:          0 kB
CommitLimit:    10236976 kB
Committed_AS:   20106912 kB
VmallocTotal:   34359738367 kB
VmallocUsed:      168188 kB
VmallocChunk:          0 kB
Percpu:             9888 kB
HardwareCorrupted:     0 kB
AnonHugePages:         0 kB
ShmemHugePages:        0 kB
ShmemPmdMapped:        0 kB
FileHugePages:         0 kB
FilePmdMapped:         0 kB
Unaccepted:            0 kB
HugePages_Total:       0
HugePages_Free:        0
HugePages_Rsvd:        0
HugePages_Surp:        0
Hugepagesize:       2048 kB
Hugetlb:               0 kB
DirectMap4k:      818456 kB
DirectMap2M:    13768704 kB
DirectMap1G:     2097152 kB

/sys/kernel/mm/transparent_hugepage/enabled: always [madvise] never
/sys/kernel/mm/transparent_hugepage/hpage_pmd_size: 2097152
/sys/kernel/mm/transparent_hugepage/defrag (defrag/compaction efforts parameter): always defer defer+madvise [madvise] never

Process Memory:
Virtual Size: 7003184K (peak: 7069820K)
Resident Set Size: 80884K (peak: 80884K) (anon: 47860K, file: 33024K, shmem: 0K)
Swapped out: 0K
C-Heap outstanding allocations: 36229K, retained: 2362K
glibc malloc tunables: (default)

/proc/sys/kernel/threads-max (system-wide limit on the number of threads): 126571
/proc/sys/vm/max_map_count (maximum number of memory map areas a process may have): 1048576
/proc/sys/vm/swappiness (control to define how aggressively the kernel swaps out anonymous memory): 60
/proc/sys/kernel/pid_max (system-wide limit on number of process identifiers): 4194304

container (cgroup) information:
container_type: cgroupv2
cpu_cpuset_cpus: not supported
cpu_memory_nodes: not supported
active_processor_count: 12
cpu_quota: not supported
cpu_period: not supported
cpu_shares: not supported
memory_limit_in_bytes: unlimited
memory_and_swap_limit_in_bytes: unlimited
memory_soft_limit_in_bytes: unlimited
memory_usage_in_bytes: 3096320 k
memory_max_usage_in_bytes: not supported
memory_swap_current_in_bytes: unlimited
memory_swap_max_limit_in_bytes: unlimited
maximum number of tasks: 18985
current number of tasks: 304

Steal ticks since vm start: 0
Steal ticks percentage since vm start:  0.000

CPU: total 12 (initial active 12) (6 cores per cpu, 2 threads per core) family 6 model 158 stepping 10 microcode 0xf8, cx8, cmov, fxsr, ht, mmx, 3dnowpref, sse, sse2, sse3, ssse3, sse4.1, sse4.2, popcnt, lzcnt, tsc, tscinvbit, avx, avx2, aes, erms, clmul, bmi1, bmi2, adx, fma, vzeroupper, clflush, clflushopt, rdtscp, f16c
CPU Model and flags from /proc/cpuinfo:
model name	: Intel(R) Core(TM) i7-8700K CPU @ 3.70GHz
flags		: fpu vme de pse tsc msr pae mce cx8 apic sep mtrr pge mca cmov pat pse36 clflush dts acpi mmx fxsr sse sse2 ss ht tm pbe syscall nx pdpe1gb rdtscp lm constant_tsc art arch_perfmon pebs bts rep_good nopl xtopology nonstop_tsc cpuid aperfmperf pni pclmulqdq dtes64 monitor ds_cpl vmx smx est tm2 ssse3 sdbg fma cx16 xtpr pdcm pcid sse4_1 sse4_2 x2apic movbe popcnt tsc_deadline_timer aes xsave avx f16c rdrand lahf_lm abm 3dnowprefetch cpuid_fault epb pti ssbd ibrs ibpb stibp tpr_shadow flexpriority ept vpid ept_ad fsgsbase tsc_adjust bmi1 avx2 smep bmi2 erms invpcid mpx rdseed adx smap clflushopt intel_pt xsaveopt xsavec xgetbv1 xsaves dtherm ida arat pln pts hwp hwp_notify hwp_act_window hwp_epp vnmi md_clear flush_l1d arch_capabilities

Online cpus: 0-11
Offline cpus: 
BIOS frequency limitation: <Not Available>
Frequency switch latency (ns): 0
Available cpu frequencies: <Not Available>
Current governor: powersave
Core performance/turbo boost: <Not Available>

Memory: 4k page, physical 16279656k(10693896k free), swap 2097148k(1225980k free)
Page Sizes: 4k

vm_info: OpenJDK 64-Bit Server VM (21.0.4+13-b509.26) for linux-amd64 JRE (21.0.4+13-b509.26), built on 2024-09-27 by "builduser" with gcc 10.2.1 20210130 (Red Hat 10.2.1-11.1.0.1)

END.
